# JRE version: Java(TM) SE Runtime Environment (8.0_231-b11) (build 1.8.0_231-b11)
# Java VM: Java HotSpot(TM) 64-Bit Server VM (25.231-b11 mixed mode windows-amd64 compressed oops)
GC Heap History (10 events):
Event: 239.013 GC heap before
{Heap before GC invocations=16 (full 6):
 PSYoungGen      total 312832K, used 4131K [0x0000000716300000, 0x000000072a800000, 0x00000007c0000000)
  eden space 292864K, 0% used [0x0000000716300000,0x0000000716300000,0x0000000728100000)
  from space 19968K, 20% used [0x0000000729480000,0x0000000729888f38,0x000000072a800000)
  to   space 19968K, 0% used [0x0000000728100000,0x0000000728100000,0x0000000729480000)
 ParOldGen       total 293888K, used 19323K [0x00000005c2800000, 0x00000005d4700000, 0x0000000716300000)
  object space 293888K, 6% used [0x00000005c2800000,0x00000005c3adee58,0x00000005d4700000)
 Metaspace       used 51621K, capacity 55150K, committed 55384K, reserved 1097728K
  class space    used 7386K, capacity 7955K, committed 8064K, reserved 1048576K
Event: 239.095 GC heap after
Heap after GC invocations=16 (full 6):
 PSYoungGen      total 312832K, used 0K [0x0000000716300000, 0x000000072a800000, 0x00000007c0000000)
  eden space 292864K, 0% used [0x0000000716300000,0x0000000716300000,0x0000000728100000)
  from space 19968K, 0% used [0x0000000729480000,0x0000000729480000,0x000000072a800000)
  to   space 19968K, 0% used [0x0000000728100000,0x0000000728100000,0x0000000729480000)
 ParOldGen       total 293888K, used 19639K [0x00000005c2800000, 0x00000005d4700000, 0x0000000716300000)
  object space 293888K, 6% used [0x00000005c2800000,0x00000005c3b2de40,0x00000005d4700000)
 Metaspace       used 51607K, capacity 55126K, committed 55384K, reserved 1097728K
  class space    used 7384K, capacity 7950K, committed 8064K, reserved 1048576K
}
Event: 271.604 GC heap before
{Heap before GC invocations=17 (full 6):
 PSYoungGen      total 312832K, used 183804K [0x0000000716300000, 0x000000072a800000, 0x00000007c0000000)
  eden space 292864K, 62% used [0x0000000716300000,0x000000072167f2d8,0x0000000728100000)
  from space 19968K, 0% used [0x0000000729480000,0x0000000729480000,0x000000072a800000)
  to   space 19968K, 0% used [0x0000000728100000,0x0000000728100000,0x0000000729480000)
 ParOldGen       total 293888K, used 19639K [0x00000005c2800000, 0x00000005d4700000, 0x0000000716300000)
  object space 293888K, 6% used [0x00000005c2800000,0x00000005c3b2de40,0x00000005d4700000)
 Metaspace       used 52002K, capacity 55606K, committed 55896K, reserved 1097728K
  class space    used 7418K, capacity 7997K, committed 8064K, reserved 1048576K
Event: 271.606 GC heap after
Heap after GC invocations=17 (full 6):
 PSYoungGen      total 312832K, used 4181K [0x0000000716300000, 0x000000072a800000, 0x00000007c0000000)
  eden space 292864K, 0% used [0x0000000716300000,0x0000000716300000,0x0000000728100000)
  from space 19968K, 20% used [0x0000000728100000,0x0000000728515500,0x0000000729480000)
  to   space 19968K, 0% used [0x0000000729480000,0x0000000729480000,0x000000072a800000)
 ParOldGen       total 293888K, used 19647K [0x00000005c2800000, 0x00000005d4700000, 0x0000000716300000)
  object space 293888K, 6% used [0x00000005c2800000,0x00000005c3b2fe40,0x00000005d4700000)
 Metaspace       used 52002K, capacity 55606K, committed 55896K, reserved 1097728K
  class space    used 7418K, capacity 7997K, committed 8064K, reserved 1048576K
}
Event: 271.606 GC heap before
{Heap before GC invocations=18 (full 7):
 PSYoungGen      total 312832K, used 4181K [0x0000000716300000, 0x000000072a800000, 0x00000007c0000000)
  eden space 292864K, 0% used [0x0000000716300000,0x0000000716300000,0x0000000728100000)
  from space 19968K, 20% used [0x0000000728100000,0x0000000728515500,0x0000000729480000)
  to   space 19968K, 0% used [0x0000000729480000,0x0000000729480000,0x000000072a800000)
 ParOldGen       total 293888K, used 19647K [0x00000005c2800000, 0x00000005d4700000, 0x0000000716300000)
  object space 293888K, 6% used [0x00000005c2800000,0x00000005c3b2fe40,0x00000005d4700000)
 Metaspace       used 52002K, capacity 55606K, committed 55896K, reserved 1097728K
  class space    used 7418K, capacity 7997K, committed 8064K, reserved 1048576K
Event: 271.668 GC heap after
Heap after GC invocations=18 (full 7):
 PSYoungGen      total 312832K, used 0K [0x0000000716300000, 0x000000072a800000, 0x00000007c0000000)
  eden space 292864K, 0% used [0x0000000716300000,0x0000000716300000,0x0000000728100000)
  from space 19968K, 0% used [0x0000000728100000,0x0000000728100000,0x0000000729480000)
  to   space 19968K, 0% used [0x0000000729480000,0x0000000729480000,0x000000072a800000)
 ParOldGen       total 293888K, used 19925K [0x00000005c2800000, 0x00000005d4700000, 0x0000000716300000)
  object space 293888K, 6% used [0x00000005c2800000,0x00000005c3b756d8,0x00000005d4700000)
 Metaspace       used 51988K, capacity 55582K, committed 55896K, reserved 1097728K
  class space    used 7416K, capacity 7992K, committed 8064K, reserved 1048576K
}
Event: 275.829 GC heap before
{Heap before GC invocations=19 (full 7):
 PSYoungGen      total 312832K, used 184178K [0x0000000716300000, 0x000000072a800000, 0x00000007c0000000)
  eden space 292864K, 62% used [0x0000000716300000,0x00000007216dcb50,0x0000000728100000)
  from space 19968K, 0% used [0x0000000728100000,0x0000000728100000,0x0000000729480000)
  to   space 19968K, 0% used [0x0000000729480000,0x0000000729480000,0x000000072a800000)
 ParOldGen       total 293888K, used 19925K [0x00000005c2800000, 0x00000005d4700000, 0x0000000716300000)
  object space 293888K, 6% used [0x00000005c2800000,0x00000005c3b756d8,0x00000005d4700000)
 Metaspace       used 52503K, capacity 56274K, committed 56536K, reserved 1097728K
  class space    used 7471K, capacity 8075K, committed 8192K, reserved 1048576K
Event: 275.831 GC heap after
Heap after GC invocations=19 (full 7):
 PSYoungGen      total 311808K, used 4181K [0x0000000716300000, 0x000000072a700000, 0x00000007c0000000)
  eden space 292864K, 0% used [0x0000000716300000,0x0000000716300000,0x0000000728100000)
  from space 18944K, 22% used [0x0000000729480000,0x0000000729895500,0x000000072a700000)
  to   space 19456K, 0% used [0x0000000728100000,0x0000000728100000,0x0000000729400000)
 ParOldGen       total 293888K, used 19933K [0x00000005c2800000, 0x00000005d4700000, 0x0000000716300000)
  object space 293888K, 6% used [0x00000005c2800000,0x00000005c3b776d8,0x00000005d4700000)
 Metaspace       used 52503K, capacity 56274K, committed 56536K, reserved 1097728K
  class space    used 7471K, capacity 8075K, committed 8192K, reserved 1048576K
}
Event: 275.831 GC heap before
{Heap before GC invocations=20 (full 8):
 PSYoungGen      total 311808K, used 4181K [0x0000000716300000, 0x000000072a700000, 0x00000007c0000000)
  eden space 292864K, 0% used [0x0000000716300000,0x0000000716300000,0x0000000728100000)
  from space 18944K, 22% used [0x0000000729480000,0x0000000729895500,0x000000072a700000)
  to   space 19456K, 0% used [0x0000000728100000,0x0000000728100000,0x0000000729400000)
 ParOldGen       total 293888K, used 19933K [0x00000005c2800000, 0x00000005d4700000, 0x0000000716300000)
  object space 293888K, 6% used [0x00000005c2800000,0x00000005c3b776d8,0x00000005d4700000)
 Metaspace       used 52503K, capacity 56274K, committed 56536K, reserved 1097728K
  class space    used 7471K, capacity 8075K, committed 8192K, reserved 1048576K
Event: 275.925 GC heap after
Heap after GC invocations=20 (full 8):
 PSYoungGen      total 311808K, used 0K [0x0000000716300000, 0x000000072a700000, 0x00000007c0000000)
  eden space 292864K, 0% used [0x0000000716300000,0x0000000716300000,0x0000000728100000)
  from space 18944K, 0% used [0x0000000729480000,0x0000000729480000,0x000000072a700000)
  to   space 19456K, 0% used [0x0000000728100000,0x0000000728100000,0x0000000729400000)
 ParOldGen       total 293888K, used 20247K [0x00000005c2800000, 0x00000005d4700000, 0x0000000716300000)
  object space 293888K, 6% used [0x00000005c2800000,0x00000005c3bc5ed0,0x00000005d4700000)
 Metaspace       used 52489K, capacity 56250K, committed 56536K, reserved 1097728K
  class space    used 7469K, capacity 8070K, committed 8192K, reserved 1048576K
}

