# JRE version: Java(TM) SE Runtime Environment (8.0_231-b11) (build 1.8.0_231-b11)
# Java VM: Java HotSpot(TM) 64-Bit Server VM (25.231-b11 mixed mode windows-amd64 compressed oops)
Heap:
 PSYoungGen      total 156160K, used 76162K [0x00000000f5580000, 0x00000000ffd80000, 0x0000000100000000)
  eden space 140288K, 49% used [0x00000000f5580000,0x00000000f98e7458,0x00000000fde80000)
  from space 15872K, 44% used [0x00000000fee00000,0x00000000ff4f9550,0x00000000ffd80000)
  to   space 15872K, 0% used [0x00000000fde80000,0x00000000fde80000,0x00000000fee00000)
 ParOldGen       total 264192K, used 16679K [0x00000000e0000000, 0x00000000f0200000, 0x00000000f5580000)
  object space 264192K, 6% used [0x00000000e0000000,0x00000000e1049e10,0x00000000f0200000)
 Metaspace       used 54307K, capacity 57942K, committed 58072K, reserved 1099776K
  class space    used 7781K, capacity 8404K, committed 8448K, reserved 1048576K
GC Heap History (10 events):
Event: 907.606 GC heap before
{Heap before GC invocations=32 (full 12):
 PSYoungGen      total 140800K, used 0K [0x00000000f5580000, 0x00000000ffe00000, 0x0000000100000000)
  eden space 136704K, 0% used [0x00000000f5580000,0x00000000f5580000,0x00000000fdb00000)
  from space 4096K, 0% used [0x00000000fdb00000,0x00000000fdb00000,0x00000000fdf00000)
  to   space 17920K, 0% used [0x00000000fec80000,0x00000000fec80000,0x00000000ffe00000)
 ParOldGen       total 264192K, used 16674K [0x00000000e0000000, 0x00000000f0200000, 0x00000000f5580000)
  object space 264192K, 6% used [0x00000000e0000000,0x00000000e1048ae0,0x00000000f0200000)
 Metaspace       used 53521K, capacity 56760K, committed 57176K, reserved 1099776K
  class space    used 7686K, capacity 8235K, committed 8320K, reserved 1048576K
Event: 907.607 GC heap after
Heap after GC invocations=32 (full 12):
 PSYoungGen      total 156160K, used 0K [0x00000000f5580000, 0x00000000ffe00000, 0x0000000100000000)
  eden space 138240K, 0% used [0x00000000f5580000,0x00000000f5580000,0x00000000fdc80000)
  from space 17920K, 0% used [0x00000000fec80000,0x00000000fec80000,0x00000000ffe00000)
  to   space 16384K, 0% used [0x00000000fdc80000,0x00000000fdc80000,0x00000000fec80000)
 ParOldGen       total 264192K, used 16674K [0x00000000e0000000, 0x00000000f0200000, 0x00000000f5580000)
  object space 264192K, 6% used [0x00000000e0000000,0x00000000e1048ae0,0x00000000f0200000)
 Metaspace       used 53521K, capacity 56760K, committed 57176K, reserved 1099776K
  class space    used 7686K, capacity 8235K, committed 8320K, reserved 1048576K
}
Event: 907.607 GC heap before
{Heap before GC invocations=33 (full 13):
 PSYoungGen      total 156160K, used 0K [0x00000000f5580000, 0x00000000ffe00000, 0x0000000100000000)
  eden space 138240K, 0% used [0x00000000f5580000,0x00000000f5580000,0x00000000fdc80000)
  from space 17920K, 0% used [0x00000000fec80000,0x00000000fec80000,0x00000000ffe00000)
  to   space 16384K, 0% used [0x00000000fdc80000,0x00000000fdc80000,0x00000000fec80000)
 ParOldGen       total 264192K, used 16674K [0x00000000e0000000, 0x00000000f0200000, 0x00000000f5580000)
  object space 264192K, 6% used [0x00000000e0000000,0x00000000e1048ae0,0x00000000f0200000)
 Metaspace       used 53521K, capacity 56760K, committed 57176K, reserved 1099776K
  class space    used 7686K, capacity 8235K, committed 8320K, reserved 1048576K
Event: 907.663 GC heap after
Heap after GC invocations=33 (full 13):
 PSYoungGen      total 156160K, used 0K [0x00000000f5580000, 0x00000000ffe00000, 0x0000000100000000)
  eden space 138240K, 0% used [0x00000000f5580000,0x00000000f5580000,0x00000000fdc80000)
  from space 17920K, 0% used [0x00000000fec80000,0x00000000fec80000,0x00000000ffe00000)
  to   space 16384K, 0% used [0x00000000fdc80000,0x00000000fdc80000,0x00000000fec80000)
 ParOldGen       total 264192K, used 16672K [0x00000000e0000000, 0x00000000f0200000, 0x00000000f5580000)
  object space 264192K, 6% used [0x00000000e0000000,0x00000000e10482d0,0x00000000f0200000)
 Metaspace       used 53521K, capacity 56760K, committed 57176K, reserved 1099776K
  class space    used 7686K, capacity 8235K, committed 8320K, reserved 1048576K
}
Event: 907.663 GC heap before
{Heap before GC invocations=34 (full 13):
 PSYoungGen      total 156160K, used 1583K [0x00000000f5580000, 0x00000000ffe00000, 0x0000000100000000)
  eden space 138240K, 1% used [0x00000000f5580000,0x00000000f570bd30,0x00000000fdc80000)
  from space 17920K, 0% used [0x00000000fec80000,0x00000000fec80000,0x00000000ffe00000)
  to   space 16384K, 0% used [0x00000000fdc80000,0x00000000fdc80000,0x00000000fec80000)
 ParOldGen       total 264192K, used 16672K [0x00000000e0000000, 0x00000000f0200000, 0x00000000f5580000)
  object space 264192K, 6% used [0x00000000e0000000,0x00000000e10482d0,0x00000000f0200000)
 Metaspace       used 53522K, capacity 56760K, committed 57176K, reserved 1099776K
  class space    used 7686K, capacity 8235K, committed 8320K, reserved 1048576K
Event: 907.665 GC heap after
Heap after GC invocations=34 (full 13):
 PSYoungGen      total 154624K, used 128K [0x00000000f5580000, 0x00000000ffd80000, 0x0000000100000000)
  eden space 138240K, 0% used [0x00000000f5580000,0x00000000f5580000,0x00000000fdc80000)
  from space 16384K, 0% used [0x00000000fdc80000,0x00000000fdca0000,0x00000000fec80000)
  to   space 15872K, 0% used [0x00000000fee00000,0x00000000fee00000,0x00000000ffd80000)
 ParOldGen       total 264192K, used 16672K [0x00000000e0000000, 0x00000000f0200000, 0x00000000f5580000)
  object space 264192K, 6% used [0x00000000e0000000,0x00000000e10482d0,0x00000000f0200000)
 Metaspace       used 53522K, capacity 56760K, committed 57176K, reserved 1099776K
  class space    used 7686K, capacity 8235K, committed 8320K, reserved 1048576K
}
Event: 907.665 GC heap before
{Heap before GC invocations=35 (full 14):
 PSYoungGen      total 154624K, used 128K [0x00000000f5580000, 0x00000000ffd80000, 0x0000000100000000)
  eden space 138240K, 0% used [0x00000000f5580000,0x00000000f5580000,0x00000000fdc80000)
  from space 16384K, 0% used [0x00000000fdc80000,0x00000000fdca0000,0x00000000fec80000)
  to   space 15872K, 0% used [0x00000000fee00000,0x00000000fee00000,0x00000000ffd80000)
 ParOldGen       total 264192K, used 16672K [0x00000000e0000000, 0x00000000f0200000, 0x00000000f5580000)
  object space 264192K, 6% used [0x00000000e0000000,0x00000000e10482d0,0x00000000f0200000)
 Metaspace       used 53522K, capacity 56760K, committed 57176K, reserved 1099776K
  class space    used 7686K, capacity 8235K, committed 8320K, reserved 1048576K
Event: 907.686 GC heap after
Heap after GC invocations=35 (full 14):
 PSYoungGen      total 154624K, used 0K [0x00000000f5580000, 0x00000000ffd80000, 0x0000000100000000)
  eden space 138240K, 0% used [0x00000000f5580000,0x00000000f5580000,0x00000000fdc80000)
  from space 16384K, 0% used [0x00000000fdc80000,0x00000000fdc80000,0x00000000fec80000)
  to   space 15872K, 0% used [0x00000000fee00000,0x00000000fee00000,0x00000000ffd80000)
 ParOldGen       total 264192K, used 16671K [0x00000000e0000000, 0x00000000f0200000, 0x00000000f5580000)
  object space 264192K, 6% used [0x00000000e0000000,0x00000000e1047e10,0x00000000f0200000)
 Metaspace       used 53522K, capacity 56760K, committed 57176K, reserved 1099776K
  class space    used 7686K, capacity 8235K, committed 8320K, reserved 1048576K
}
Event: 915.609 GC heap before
{Heap before GC invocations=36 (full 14):
 PSYoungGen      total 154624K, used 138240K [0x00000000f5580000, 0x00000000ffd80000, 0x0000000100000000)
  eden space 138240K, 100% used [0x00000000f5580000,0x00000000fdc80000,0x00000000fdc80000)
  from space 16384K, 0% used [0x00000000fdc80000,0x00000000fdc80000,0x00000000fec80000)
  to   space 15872K, 0% used [0x00000000fee00000,0x00000000fee00000,0x00000000ffd80000)
 ParOldGen       total 264192K, used 16671K [0x00000000e0000000, 0x00000000f0200000, 0x00000000f5580000)
  object space 264192K, 6% used [0x00000000e0000000,0x00000000e1047e10,0x00000000f0200000)
 Metaspace       used 54047K, capacity 57534K, committed 57816K, reserved 1099776K
  class space    used 7753K, capacity 8368K, committed 8448K, reserved 1048576K
Event: 915.613 GC heap after
Heap after GC invocations=36 (full 14):
 PSYoungGen      total 156160K, used 7141K [0x00000000f5580000, 0x00000000ffd80000, 0x0000000100000000)
  eden space 140288K, 0% used [0x00000000f5580000,0x00000000f5580000,0x00000000fde80000)
  from space 15872K, 44% used [0x00000000fee00000,0x00000000ff4f9550,0x00000000ffd80000)
  to   space 15872K, 0% used [0x00000000fde80000,0x00000000fde80000,0x00000000fee00000)
 ParOldGen       total 264192K, used 16679K [0x00000000e0000000, 0x00000000f0200000, 0x00000000f5580000)
  object space 264192K, 6% used [0x00000000e0000000,0x00000000e1049e10,0x00000000f0200000)
 Metaspace       used 54047K, capacity 57534K, committed 57816K, reserved 1099776K
  class space    used 7753K, capacity 8368K, committed 8448K, reserved 1048576K
}

